03-30-2023 @ 07:58:13 - ---[ New import started at 2023-03-30 07:58:13 ] PHP Memory: 128 MB, WP Memory: 40 MB
03-30-2023 @ 07:58:13 - Preparing for import.
03-30-2023 @ 07:58:13 - Row :1 - Parsing item.
03-30-2023 @ 07:58:13 - Row :1 - Parsing failed. Reason: Content, title, and excerpt are empty.
03-30-2023 @ 07:58:13 - Row :2 - Parsing item.
03-30-2023 @ 07:58:13 - Row :2 - Parsing failed. Reason: Content, title, and excerpt are empty.
03-30-2023 @ 07:58:13 - Row :3 - Parsing item.
03-30-2023 @ 07:58:13 - Row :3 - Parsing failed. Reason: Content, title, and excerpt are empty.
03-30-2023 @ 07:58:13 - Row :4 - Parsing item.
03-30-2023 @ 07:58:13 - Row :4 - Parsing failed. Reason: Content, title, and excerpt are empty.
03-30-2023 @ 07:58:13 - Row :5 - Parsing item.
03-30-2023 @ 07:58:13 - Row :5 - Parsing failed. Reason: Content, title, and excerpt are empty.
03-30-2023 @ 07:58:13 - Row :6 - Parsing item.
03-30-2023 @ 07:58:13 - Row :6 - Parsing failed. Reason: Content, title, and excerpt are empty.
03-30-2023 @ 07:58:13 - Row :7 - Parsing item.
03-30-2023 @ 07:58:13 - Row :7 - Parsing failed. Reason: Content, title, and excerpt are empty.
03-30-2023 @ 07:58:13 - Row :8 - Parsing item.
03-30-2023 @ 07:58:13 - Row :8 - Parsing failed. Reason: Content, title, and excerpt are empty.
03-30-2023 @ 07:58:13 - Row :9 - Parsing item.
03-30-2023 @ 07:58:13 - Row :9 - Parsing failed. Reason: Content, title, and excerpt are empty.
03-30-2023 @ 07:58:13 - Row :10 - Parsing item.
03-30-2023 @ 07:58:13 - Row :10 - Parsing failed. Reason: Content, title, and excerpt are empty.
03-30-2023 @ 07:58:13 - Preparing for import.
03-30-2023 @ 07:58:13 - Row :11 - Parsing item.
03-30-2023 @ 07:58:13 - Row :11 - Parsing failed. Reason: Content, title, and excerpt are empty.
03-30-2023 @ 07:58:13 - Row :12 - Parsing item.
03-30-2023 @ 07:58:13 - Row :12 - Parsing failed. Reason: Content, title, and excerpt are empty.
03-30-2023 @ 07:58:13 - Row :13 - Parsing item.
03-30-2023 @ 07:58:13 - Row :13 - Parsing failed. Reason: Content, title, and excerpt are empty.
03-30-2023 @ 07:58:13 - ---[ Import ended at 2023-03-30 07:58:13]---
